[2024-05-03T05:49:30.572+0000] {manager.py:470} INFO - Processing files using up to 1 processes at a time 
[2024-05-03T05:49:30.574+0000] {manager.py:471} INFO - Process each file at most once every 30 seconds
[2024-05-03T05:49:30.576+0000] {manager.py:472} INFO - Checking for new files in /opt/airflow/dags every 300 seconds
[2024-05-03T05:49:30.580+0000] {manager.py:737} INFO - Searching for files in /opt/airflow/dags
[2024-05-03T05:49:30.584+0000] {manager.py:740} INFO - There are 0 files in /opt/airflow/dags
[2024-05-03T05:53:00.436+0000] {manager.py:470} INFO - Processing files using up to 1 processes at a time 
[2024-05-03T05:53:00.438+0000] {manager.py:471} INFO - Process each file at most once every 30 seconds
[2024-05-03T05:53:00.439+0000] {manager.py:472} INFO - Checking for new files in /opt/airflow/dags every 300 seconds
[2024-05-03T05:53:00.441+0000] {manager.py:737} INFO - Searching for files in /opt/airflow/dags
[2024-05-03T05:53:00.458+0000] {manager.py:740} INFO - There are 1 files in /opt/airflow/dags
[2024-05-03T05:53:00.849+0000] {manager.py:878} INFO - 
================================================================================
DAG File Processing Stats

File Path                                    PID    Runtime      # DAGs    # Errors  Last Runtime    Last Run
-------------------------------------------  -----  ---------  --------  ----------  --------------  -------------------
/opt/airflow/dags/exchange_rate_pipeline.py                           1           0  0.31s           2024-05-03T05:53:00
================================================================================
[2024-05-03T05:53:31.377+0000] {manager.py:878} INFO - 
================================================================================
DAG File Processing Stats

File Path                                    PID    Runtime      # DAGs    # Errors  Last Runtime    Last Run
-------------------------------------------  -----  ---------  --------  ----------  --------------  -------------------
/opt/airflow/dags/exchange_rate_pipeline.py                           1           0  0.48s           2024-05-03T05:53:31
================================================================================
[2024-05-03T05:54:02.568+0000] {manager.py:878} INFO - 
================================================================================
DAG File Processing Stats

File Path                                    PID    Runtime      # DAGs    # Errors  Last Runtime    Last Run
-------------------------------------------  -----  ---------  --------  ----------  --------------  -------------------
/opt/airflow/dags/exchange_rate_pipeline.py                           1           0  0.54s           2024-05-03T05:54:02
================================================================================
[2024-05-03T05:54:33.490+0000] {manager.py:878} INFO - 
================================================================================
DAG File Processing Stats

File Path                                    PID    Runtime      # DAGs    # Errors  Last Runtime    Last Run
-------------------------------------------  -----  ---------  --------  ----------  --------------  -------------------
/opt/airflow/dags/exchange_rate_pipeline.py                           1           0  0.24s           2024-05-03T05:54:33
================================================================================
[2024-05-03T05:55:03.750+0000] {manager.py:878} INFO - 
================================================================================
DAG File Processing Stats

File Path                                    PID    Runtime      # DAGs    # Errors  Last Runtime    Last Run
-------------------------------------------  -----  ---------  --------  ----------  --------------  -------------------
/opt/airflow/dags/exchange_rate_pipeline.py                           1           0  0.21s           2024-05-03T05:55:03
================================================================================
[2024-05-03T05:55:34.980+0000] {manager.py:878} INFO - 
================================================================================
DAG File Processing Stats

File Path                                    PID    Runtime      # DAGs    # Errors  Last Runtime    Last Run
-------------------------------------------  -----  ---------  --------  ----------  --------------  -------------------
/opt/airflow/dags/exchange_rate_pipeline.py                           1           0  0.21s           2024-05-03T05:55:34
================================================================================
[2024-05-03T05:57:26.800+0000] {manager.py:470} INFO - Processing files using up to 1 processes at a time 
[2024-05-03T05:57:26.802+0000] {manager.py:471} INFO - Process each file at most once every 30 seconds
[2024-05-03T05:57:26.803+0000] {manager.py:472} INFO - Checking for new files in /opt/airflow/dags every 300 seconds
[2024-05-03T05:57:26.805+0000] {manager.py:737} INFO - Searching for files in /opt/airflow/dags
[2024-05-03T05:57:26.823+0000] {manager.py:740} INFO - There are 1 files in /opt/airflow/dags
[2024-05-03T05:57:27.199+0000] {manager.py:878} INFO - 
================================================================================
DAG File Processing Stats

File Path                                    PID    Runtime      # DAGs    # Errors  Last Runtime    Last Run
-------------------------------------------  -----  ---------  --------  ----------  --------------  -------------------
/opt/airflow/dags/exchange_rate_pipeline.py                           1           0  0.31s           2024-05-03T05:57:27
================================================================================
[2024-05-03T05:57:57.956+0000] {manager.py:878} INFO - 
================================================================================
DAG File Processing Stats

File Path                                    PID    Runtime      # DAGs    # Errors  Last Runtime    Last Run
-------------------------------------------  -----  ---------  --------  ----------  --------------  -------------------
/opt/airflow/dags/exchange_rate_pipeline.py                           1           0  0.55s           2024-05-03T05:57:57
================================================================================
[2024-05-03T05:58:41.071+0000] {manager.py:470} INFO - Processing files using up to 1 processes at a time 
[2024-05-03T05:58:41.073+0000] {manager.py:471} INFO - Process each file at most once every 30 seconds
[2024-05-03T05:58:41.076+0000] {manager.py:472} INFO - Checking for new files in /opt/airflow/dags every 300 seconds
[2024-05-03T05:58:41.080+0000] {manager.py:737} INFO - Searching for files in /opt/airflow/dags
[2024-05-03T05:58:41.110+0000] {manager.py:740} INFO - There are 1 files in /opt/airflow/dags
[2024-05-03T05:58:42.130+0000] {manager.py:878} INFO - 
================================================================================
DAG File Processing Stats

File Path                                    PID    Runtime      # DAGs    # Errors  Last Runtime    Last Run
-------------------------------------------  -----  ---------  --------  ----------  --------------  -------------------
/opt/airflow/dags/exchange_rate_pipeline.py                           1           0  0.65s           2024-05-03T05:58:42
================================================================================
[2024-05-03T05:59:13.196+0000] {manager.py:878} INFO - 
================================================================================
DAG File Processing Stats

File Path                                    PID    Runtime      # DAGs    # Errors  Last Runtime    Last Run
-------------------------------------------  -----  ---------  --------  ----------  --------------  -------------------
/opt/airflow/dags/exchange_rate_pipeline.py                           1           0  0.65s           2024-05-03T05:59:13
================================================================================
[2024-05-03T05:59:44.165+0000] {manager.py:878} INFO - 
================================================================================
DAG File Processing Stats

File Path                                    PID    Runtime      # DAGs    # Errors  Last Runtime    Last Run
-------------------------------------------  -----  ---------  --------  ----------  --------------  -------------------
/opt/airflow/dags/exchange_rate_pipeline.py                           1           0  0.32s           2024-05-03T05:59:44
================================================================================
[2024-05-03T06:00:15.454+0000] {manager.py:878} INFO - 
================================================================================
DAG File Processing Stats

File Path                                    PID    Runtime      # DAGs    # Errors  Last Runtime    Last Run
-------------------------------------------  -----  ---------  --------  ----------  --------------  -------------------
/opt/airflow/dags/exchange_rate_pipeline.py                           1           0  0.34s           2024-05-03T06:00:15
================================================================================
[2024-05-03T06:00:45.940+0000] {manager.py:878} INFO - 
================================================================================
DAG File Processing Stats

File Path                                    PID    Runtime      # DAGs    # Errors  Last Runtime    Last Run
-------------------------------------------  -----  ---------  --------  ----------  --------------  -------------------
/opt/airflow/dags/exchange_rate_pipeline.py                           1           0  0.41s           2024-05-03T06:00:45
================================================================================
[2024-05-03T06:01:16.943+0000] {manager.py:878} INFO - 
================================================================================
DAG File Processing Stats

File Path                                    PID    Runtime      # DAGs    # Errors  Last Runtime    Last Run
-------------------------------------------  -----  ---------  --------  ----------  --------------  -------------------
/opt/airflow/dags/exchange_rate_pipeline.py                           1           0  0.35s           2024-05-03T06:01:16
================================================================================
[2024-05-03T06:01:47.780+0000] {manager.py:878} INFO - 
================================================================================
DAG File Processing Stats

File Path                                    PID    Runtime      # DAGs    # Errors  Last Runtime    Last Run
-------------------------------------------  -----  ---------  --------  ----------  --------------  -------------------
/opt/airflow/dags/exchange_rate_pipeline.py                           1           0  0.36s           2024-05-03T06:01:47
================================================================================
[2024-05-03T06:02:18.615+0000] {manager.py:878} INFO - 
================================================================================
DAG File Processing Stats

File Path                                    PID    Runtime      # DAGs    # Errors  Last Runtime    Last Run
-------------------------------------------  -----  ---------  --------  ----------  --------------  -------------------
/opt/airflow/dags/exchange_rate_pipeline.py                           1           0  0.36s           2024-05-03T06:02:18
================================================================================
[2024-05-03T06:02:49.549+0000] {manager.py:878} INFO - 
================================================================================
DAG File Processing Stats

File Path                                    PID    Runtime      # DAGs    # Errors  Last Runtime    Last Run
-------------------------------------------  -----  ---------  --------  ----------  --------------  -------------------
/opt/airflow/dags/exchange_rate_pipeline.py                           1           0  0.37s           2024-05-03T06:02:49
================================================================================
[2024-05-03T06:03:20.842+0000] {manager.py:878} INFO - 
================================================================================
DAG File Processing Stats

File Path                                    PID    Runtime      # DAGs    # Errors  Last Runtime    Last Run
-------------------------------------------  -----  ---------  --------  ----------  --------------  -------------------
/opt/airflow/dags/exchange_rate_pipeline.py                           1           0  0.34s           2024-05-03T06:03:20
================================================================================
[2024-05-03T06:03:41.126+0000] {manager.py:737} INFO - Searching for files in /opt/airflow/dags
[2024-05-03T06:03:41.138+0000] {manager.py:740} INFO - There are 1 files in /opt/airflow/dags
[2024-05-03T06:03:51.758+0000] {manager.py:878} INFO - 
================================================================================
DAG File Processing Stats

File Path                                    PID    Runtime      # DAGs    # Errors  Last Runtime    Last Run
-------------------------------------------  -----  ---------  --------  ----------  --------------  -------------------
/opt/airflow/dags/exchange_rate_pipeline.py                           1           0  0.33s           2024-05-03T06:03:51
================================================================================
[2024-05-03T06:04:22.696+0000] {manager.py:878} INFO - 
================================================================================
DAG File Processing Stats

File Path                                    PID    Runtime      # DAGs    # Errors  Last Runtime    Last Run
-------------------------------------------  -----  ---------  --------  ----------  --------------  -------------------
/opt/airflow/dags/exchange_rate_pipeline.py                           1           0  0.43s           2024-05-03T06:04:22
================================================================================
[2024-05-03T06:04:53.595+0000] {manager.py:878} INFO - 
================================================================================
DAG File Processing Stats

File Path                                    PID    Runtime      # DAGs    # Errors  Last Runtime    Last Run
-------------------------------------------  -----  ---------  --------  ----------  --------------  -------------------
/opt/airflow/dags/exchange_rate_pipeline.py                           1           0  0.41s           2024-05-03T06:04:29
================================================================================
[2024-05-03T06:05:24.017+0000] {manager.py:878} INFO - 
================================================================================
DAG File Processing Stats

File Path                                    PID    Runtime      # DAGs    # Errors  Last Runtime    Last Run
-------------------------------------------  -----  ---------  --------  ----------  --------------  -------------------
/opt/airflow/dags/exchange_rate_pipeline.py                           1           0  0.31s           2024-05-03T06:05:00
================================================================================
[2024-05-03T06:05:54.169+0000] {manager.py:878} INFO - 
================================================================================
DAG File Processing Stats

File Path                                    PID    Runtime      # DAGs    # Errors  Last Runtime    Last Run
-------------------------------------------  -----  ---------  --------  ----------  --------------  -------------------
/opt/airflow/dags/exchange_rate_pipeline.py                           1           0  0.23s           2024-05-03T06:05:31
================================================================================
[2024-05-03T06:06:24.193+0000] {manager.py:878} INFO - 
================================================================================
DAG File Processing Stats

File Path                                    PID    Runtime      # DAGs    # Errors  Last Runtime    Last Run
-------------------------------------------  -----  ---------  --------  ----------  --------------  -------------------
/opt/airflow/dags/exchange_rate_pipeline.py                           1           0  0.33s           2024-05-03T06:06:02
================================================================================
[2024-05-03T06:06:54.873+0000] {manager.py:878} INFO - 
================================================================================
DAG File Processing Stats

File Path                                    PID    Runtime      # DAGs    # Errors  Last Runtime    Last Run
-------------------------------------------  -----  ---------  --------  ----------  --------------  -------------------
/opt/airflow/dags/exchange_rate_pipeline.py                           1           0  0.57s           2024-05-03T06:06:52
================================================================================
[2024-05-03T06:07:28.872+0000] {manager.py:878} INFO - 
================================================================================
DAG File Processing Stats

File Path                                    PID    Runtime      # DAGs    # Errors  Last Runtime    Last Run
-------------------------------------------  -----  ---------  --------  ----------  --------------  -------------------
/opt/airflow/dags/exchange_rate_pipeline.py                           1           0  0.22s           2024-05-03T06:07:28
================================================================================
[2024-05-03T06:07:59.558+0000] {manager.py:878} INFO - 
================================================================================
DAG File Processing Stats

File Path                                    PID    Runtime      # DAGs    # Errors  Last Runtime    Last Run
-------------------------------------------  -----  ---------  --------  ----------  --------------  -------------------
/opt/airflow/dags/exchange_rate_pipeline.py                           1           0  0.33s           2024-05-03T06:07:59
================================================================================
[2024-05-03T06:08:30.401+0000] {manager.py:878} INFO - 
================================================================================
DAG File Processing Stats

File Path                                    PID    Runtime      # DAGs    # Errors  Last Runtime    Last Run
-------------------------------------------  -----  ---------  --------  ----------  --------------  -------------------
/opt/airflow/dags/exchange_rate_pipeline.py                           1           0  0.47s           2024-05-03T06:08:30
================================================================================
[2024-05-03T06:08:41.300+0000] {manager.py:737} INFO - Searching for files in /opt/airflow/dags
[2024-05-03T06:08:41.324+0000] {manager.py:740} INFO - There are 1 files in /opt/airflow/dags
[2024-05-03T06:09:25.038+0000] {manager.py:470} INFO - Processing files using up to 1 processes at a time 
[2024-05-03T06:09:25.039+0000] {manager.py:471} INFO - Process each file at most once every 30 seconds
[2024-05-03T06:09:25.042+0000] {manager.py:472} INFO - Checking for new files in /opt/airflow/dags every 300 seconds
[2024-05-03T06:09:25.045+0000] {manager.py:737} INFO - Searching for files in /opt/airflow/dags
[2024-05-03T06:09:25.059+0000] {manager.py:740} INFO - There are 1 files in /opt/airflow/dags
[2024-05-03T06:09:25.791+0000] {manager.py:878} INFO - 
================================================================================
DAG File Processing Stats

File Path                                    PID    Runtime      # DAGs    # Errors  Last Runtime    Last Run
-------------------------------------------  -----  ---------  --------  ----------  --------------  -------------------
/opt/airflow/dags/exchange_rate_pipeline.py                           1           0  0.61s           2024-05-03T06:09:25
================================================================================
[2024-05-03T06:09:43.419+0000] {manager.py:470} INFO - Processing files using up to 1 processes at a time 
[2024-05-03T06:09:43.420+0000] {manager.py:471} INFO - Process each file at most once every 30 seconds
[2024-05-03T06:09:43.422+0000] {manager.py:472} INFO - Checking for new files in /opt/airflow/dags every 300 seconds
[2024-05-03T06:09:43.424+0000] {manager.py:737} INFO - Searching for files in /opt/airflow/dags
[2024-05-03T06:09:43.436+0000] {manager.py:740} INFO - There are 1 files in /opt/airflow/dags
[2024-05-03T06:09:44.051+0000] {manager.py:878} INFO - 
================================================================================
DAG File Processing Stats

File Path                                    PID    Runtime      # DAGs    # Errors  Last Runtime    Last Run
-------------------------------------------  -----  ---------  --------  ----------  --------------  -------------------
/opt/airflow/dags/exchange_rate_pipeline.py                           1           0  0.41s           2024-05-03T06:09:44
================================================================================
[2024-05-03T06:10:14.931+0000] {manager.py:878} INFO - 
================================================================================
DAG File Processing Stats

File Path                                    PID    Runtime      # DAGs    # Errors  Last Runtime    Last Run
-------------------------------------------  -----  ---------  --------  ----------  --------------  -------------------
/opt/airflow/dags/exchange_rate_pipeline.py                           1           0  0.65s           2024-05-03T06:10:14
================================================================================
[2024-05-03T06:10:46.162+0000] {manager.py:878} INFO - 
================================================================================
DAG File Processing Stats

File Path                                    PID    Runtime      # DAGs    # Errors  Last Runtime    Last Run
-------------------------------------------  -----  ---------  --------  ----------  --------------  -------------------
/opt/airflow/dags/exchange_rate_pipeline.py                           1           0  0.80s           2024-05-03T06:10:46
================================================================================
[2024-05-03T06:11:17.107+0000] {manager.py:878} INFO - 
================================================================================
DAG File Processing Stats

File Path                                    PID    Runtime      # DAGs    # Errors  Last Runtime    Last Run
-------------------------------------------  -----  ---------  --------  ----------  --------------  -------------------
/opt/airflow/dags/exchange_rate_pipeline.py                           1           0  0.31s           2024-05-03T06:11:17
================================================================================
[2024-05-03T06:11:47.524+0000] {manager.py:878} INFO - 
================================================================================
DAG File Processing Stats

File Path                                    PID    Runtime      # DAGs    # Errors  Last Runtime    Last Run
-------------------------------------------  -----  ---------  --------  ----------  --------------  -------------------
/opt/airflow/dags/exchange_rate_pipeline.py                           1           0  0.21s           2024-05-03T06:11:47
================================================================================
[2024-05-03T06:12:29.057+0000] {manager.py:470} INFO - Processing files using up to 1 processes at a time 
[2024-05-03T06:12:29.059+0000] {manager.py:471} INFO - Process each file at most once every 30 seconds
[2024-05-03T06:12:29.061+0000] {manager.py:472} INFO - Checking for new files in /opt/airflow/dags every 300 seconds
[2024-05-03T06:12:29.062+0000] {manager.py:737} INFO - Searching for files in /opt/airflow/dags
[2024-05-03T06:12:29.079+0000] {manager.py:740} INFO - There are 1 files in /opt/airflow/dags
[2024-05-03T06:12:29.655+0000] {manager.py:878} INFO - 
================================================================================
DAG File Processing Stats

File Path                                    PID    Runtime      # DAGs    # Errors  Last Runtime    Last Run
-------------------------------------------  -----  ---------  --------  ----------  --------------  -------------------
/opt/airflow/dags/exchange_rate_pipeline.py                           1           0  0.41s           2024-05-03T06:12:29
================================================================================
[2024-05-03T06:13:01.117+0000] {manager.py:878} INFO - 
================================================================================
DAG File Processing Stats

File Path                                    PID    Runtime      # DAGs    # Errors  Last Runtime    Last Run
-------------------------------------------  -----  ---------  --------  ----------  --------------  -------------------
/opt/airflow/dags/exchange_rate_pipeline.py                           1           0  0.68s           2024-05-03T06:13:01
================================================================================
[2024-05-03T06:13:32.526+0000] {manager.py:878} INFO - 
================================================================================
DAG File Processing Stats

File Path                                    PID    Runtime      # DAGs    # Errors  Last Runtime    Last Run
-------------------------------------------  -----  ---------  --------  ----------  --------------  -------------------
/opt/airflow/dags/exchange_rate_pipeline.py                           1           0  0.31s           2024-05-03T06:13:32
================================================================================
[2024-05-03T06:14:03.653+0000] {manager.py:878} INFO - 
================================================================================
DAG File Processing Stats

File Path                                    PID    Runtime      # DAGs    # Errors  Last Runtime    Last Run
-------------------------------------------  -----  ---------  --------  ----------  --------------  -------------------
/opt/airflow/dags/exchange_rate_pipeline.py                           1           0  0.21s           2024-05-03T06:14:03
================================================================================
[2024-05-03T06:14:34.457+0000] {manager.py:878} INFO - 
================================================================================
DAG File Processing Stats

File Path                                    PID    Runtime      # DAGs    # Errors  Last Runtime    Last Run
-------------------------------------------  -----  ---------  --------  ----------  --------------  -------------------
/opt/airflow/dags/exchange_rate_pipeline.py                           1           0  0.21s           2024-05-03T06:14:34
================================================================================
[2024-05-03T06:15:05.485+0000] {manager.py:878} INFO - 
================================================================================
DAG File Processing Stats

File Path                                    PID    Runtime      # DAGs    # Errors  Last Runtime    Last Run
-------------------------------------------  -----  ---------  --------  ----------  --------------  -------------------
/opt/airflow/dags/exchange_rate_pipeline.py                           1           0  0.22s           2024-05-03T06:15:05
================================================================================
[2024-05-03T06:15:35.968+0000] {manager.py:878} INFO - 
================================================================================
DAG File Processing Stats

File Path                                    PID    Runtime      # DAGs    # Errors  Last Runtime    Last Run
-------------------------------------------  -----  ---------  --------  ----------  --------------  -------------------
/opt/airflow/dags/exchange_rate_pipeline.py                           1           0  0.21s           2024-05-03T06:15:35
================================================================================
[2024-05-03T06:16:06.367+0000] {manager.py:878} INFO - 
================================================================================
DAG File Processing Stats

File Path                                    PID    Runtime      # DAGs    # Errors  Last Runtime    Last Run
-------------------------------------------  -----  ---------  --------  ----------  --------------  -------------------
/opt/airflow/dags/exchange_rate_pipeline.py                           1           0  0.37s           2024-05-03T06:16:06
================================================================================
[2024-05-03T06:17:31.762+0000] {manager.py:737} INFO - Searching for files in /opt/airflow/dags
[2024-05-03T06:17:31.788+0000] {manager.py:740} INFO - There are 1 files in /opt/airflow/dags
[2024-05-03T06:17:37.965+0000] {manager.py:878} INFO - 
================================================================================
DAG File Processing Stats

File Path                                    PID    Runtime      # DAGs    # Errors  Last Runtime    Last Run
-------------------------------------------  -----  ---------  --------  ----------  --------------  -------------------
/opt/airflow/dags/exchange_rate_pipeline.py                           1           0  0.21s           2024-05-03T06:17:32
================================================================================
[2024-05-03T06:18:08.351+0000] {manager.py:878} INFO - 
================================================================================
DAG File Processing Stats

File Path                                    PID    Runtime      # DAGs    # Errors  Last Runtime    Last Run
-------------------------------------------  -----  ---------  --------  ----------  --------------  -------------------
/opt/airflow/dags/exchange_rate_pipeline.py                           1           0  0.32s           2024-05-03T06:18:02
================================================================================
[2024-05-03T06:20:06.911+0000] {manager.py:878} INFO - 
================================================================================
DAG File Processing Stats

File Path                                    PID    Runtime      # DAGs    # Errors  Last Runtime    Last Run
-------------------------------------------  -----  ---------  --------  ----------  --------------  -------------------
/opt/airflow/dags/exchange_rate_pipeline.py                           1           0  0.52s           2024-05-03T06:20:00
================================================================================
[2024-05-03T06:21:47.390+0000] {manager.py:878} INFO - 
================================================================================
DAG File Processing Stats

File Path                                    PID    Runtime      # DAGs    # Errors  Last Runtime    Last Run
-------------------------------------------  -----  ---------  --------  ----------  --------------  -------------------
/opt/airflow/dags/exchange_rate_pipeline.py                           1           0  0.21s           2024-05-03T06:21:41
================================================================================
[2024-05-03T06:22:17.640+0000] {manager.py:878} INFO - 
================================================================================
DAG File Processing Stats

File Path                                    PID    Runtime      # DAGs    # Errors  Last Runtime    Last Run
-------------------------------------------  -----  ---------  --------  ----------  --------------  -------------------
/opt/airflow/dags/exchange_rate_pipeline.py                           1           0  0.22s           2024-05-03T06:22:12
================================================================================
[2024-05-03T06:22:32.053+0000] {manager.py:737} INFO - Searching for files in /opt/airflow/dags
[2024-05-03T06:22:32.069+0000] {manager.py:740} INFO - There are 1 files in /opt/airflow/dags
[2024-05-03T06:51:07.015+0000] {manager.py:737} INFO - Searching for files in /opt/airflow/dags
[2024-05-03T06:51:07.034+0000] {manager.py:740} INFO - There are 1 files in /opt/airflow/dags
[2024-05-03T06:51:14.386+0000] {manager.py:878} INFO - 
================================================================================
DAG File Processing Stats

File Path                                    PID    Runtime      # DAGs    # Errors  Last Runtime    Last Run
-------------------------------------------  -----  ---------  --------  ----------  --------------  -------------------
/opt/airflow/dags/exchange_rate_pipeline.py                           1           0  0.56s           2024-05-03T06:51:07
================================================================================
[2024-05-03T06:51:44.857+0000] {manager.py:878} INFO - 
================================================================================
DAG File Processing Stats

File Path                                    PID    Runtime      # DAGs    # Errors  Last Runtime    Last Run
-------------------------------------------  -----  ---------  --------  ----------  --------------  -------------------
/opt/airflow/dags/exchange_rate_pipeline.py                           1           0  0.73s           2024-05-03T06:51:39
================================================================================
[2024-05-03T06:53:26.380+0000] {manager.py:878} INFO - 
================================================================================
DAG File Processing Stats

File Path                                    PID    Runtime      # DAGs    # Errors  Last Runtime    Last Run
-------------------------------------------  -----  ---------  --------  ----------  --------------  -------------------
/opt/airflow/dags/exchange_rate_pipeline.py                           1           0  0.52s           2024-05-03T06:53:19
================================================================================
[2024-05-03T06:56:32.753+0000] {manager.py:737} INFO - Searching for files in /opt/airflow/dags
[2024-05-03T06:56:32.763+0000] {manager.py:740} INFO - There are 1 files in /opt/airflow/dags
[2024-05-03T06:56:41.664+0000] {manager.py:878} INFO - 
================================================================================
DAG File Processing Stats

File Path                                    PID    Runtime      # DAGs    # Errors  Last Runtime    Last Run
-------------------------------------------  -----  ---------  --------  ----------  --------------  -------------------
/opt/airflow/dags/exchange_rate_pipeline.py                           1           0  0.34s           2024-05-03T06:56:33
================================================================================
[2024-05-03T06:57:11.905+0000] {manager.py:878} INFO - 
================================================================================
DAG File Processing Stats

File Path                                    PID    Runtime      # DAGs    # Errors  Last Runtime    Last Run
-------------------------------------------  -----  ---------  --------  ----------  --------------  -------------------
/opt/airflow/dags/exchange_rate_pipeline.py                           1           0  0.33s           2024-05-03T06:57:04
================================================================================
[2024-05-03T06:59:54.252+0000] {manager.py:878} INFO - 
================================================================================
DAG File Processing Stats

File Path                                    PID    Runtime      # DAGs    # Errors  Last Runtime    Last Run
-------------------------------------------  -----  ---------  --------  ----------  --------------  -------------------
/opt/airflow/dags/exchange_rate_pipeline.py                           1           0  0.64s           2024-05-03T06:59:45
================================================================================
[2024-05-03T07:01:08.823+0000] {manager.py:878} INFO - 
================================================================================
DAG File Processing Stats

File Path                                    PID    Runtime      # DAGs    # Errors  Last Runtime    Last Run
-------------------------------------------  -----  ---------  --------  ----------  --------------  -------------------
/opt/airflow/dags/exchange_rate_pipeline.py                           1           0  0.36s           2024-05-03T07:00:58
================================================================================
[2024-05-03T07:01:33.171+0000] {manager.py:737} INFO - Searching for files in /opt/airflow/dags
[2024-05-03T07:01:33.181+0000] {manager.py:740} INFO - There are 1 files in /opt/airflow/dags
[2024-05-03T07:01:39.442+0000] {manager.py:878} INFO - 
================================================================================
DAG File Processing Stats

File Path                                    PID    Runtime      # DAGs    # Errors  Last Runtime    Last Run
-------------------------------------------  -----  ---------  --------  ----------  --------------  -------------------
/opt/airflow/dags/exchange_rate_pipeline.py                           1           0  0.22s           2024-05-03T07:01:29
================================================================================
[2024-05-03T07:02:35.108+0000] {manager.py:878} INFO - 
================================================================================
DAG File Processing Stats

File Path                                    PID    Runtime      # DAGs    # Errors  Last Runtime    Last Run
-------------------------------------------  -----  ---------  --------  ----------  --------------  -------------------
/opt/airflow/dags/exchange_rate_pipeline.py                           1           0  0.36s           2024-05-03T07:02:23
================================================================================
[2024-05-03T07:03:05.411+0000] {manager.py:878} INFO - 
================================================================================
DAG File Processing Stats

File Path                                    PID    Runtime      # DAGs    # Errors  Last Runtime    Last Run
-------------------------------------------  -----  ---------  --------  ----------  --------------  -------------------
/opt/airflow/dags/exchange_rate_pipeline.py                           1           0  0.21s           2024-05-03T07:02:54
================================================================================
[2024-05-03T07:03:35.702+0000] {manager.py:878} INFO - 
================================================================================
DAG File Processing Stats

File Path                                    PID    Runtime      # DAGs    # Errors  Last Runtime    Last Run
-------------------------------------------  -----  ---------  --------  ----------  --------------  -------------------
/opt/airflow/dags/exchange_rate_pipeline.py                           1           0  0.22s           2024-05-03T07:03:24
================================================================================
[2024-05-03T07:04:06.072+0000] {manager.py:878} INFO - 
================================================================================
DAG File Processing Stats

File Path                                    PID    Runtime      # DAGs    # Errors  Last Runtime    Last Run
-------------------------------------------  -----  ---------  --------  ----------  --------------  -------------------
/opt/airflow/dags/exchange_rate_pipeline.py                           1           0  0.35s           2024-05-03T07:03:55
================================================================================
[2024-05-03T07:04:36.728+0000] {manager.py:878} INFO - 
================================================================================
DAG File Processing Stats

File Path                                    PID    Runtime      # DAGs    # Errors  Last Runtime    Last Run
-------------------------------------------  -----  ---------  --------  ----------  --------------  -------------------
/opt/airflow/dags/exchange_rate_pipeline.py                           1           0  0.34s           2024-05-03T07:04:26
================================================================================
[2024-05-03T07:05:07.226+0000] {manager.py:878} INFO - 
================================================================================
DAG File Processing Stats

File Path                                    PID    Runtime      # DAGs    # Errors  Last Runtime    Last Run
-------------------------------------------  -----  ---------  --------  ----------  --------------  -------------------
/opt/airflow/dags/exchange_rate_pipeline.py                           1           0  0.21s           2024-05-03T07:04:57
================================================================================
[2024-05-03T07:05:37.253+0000] {manager.py:878} INFO - 
================================================================================
DAG File Processing Stats

File Path                                    PID    Runtime      # DAGs    # Errors  Last Runtime    Last Run
-------------------------------------------  -----  ---------  --------  ----------  --------------  -------------------
/opt/airflow/dags/exchange_rate_pipeline.py                           1           0  0.33s           2024-05-03T07:05:27
================================================================================
[2024-05-03T07:06:08.079+0000] {manager.py:878} INFO - 
================================================================================
DAG File Processing Stats

File Path                                    PID    Runtime      # DAGs    # Errors  Last Runtime    Last Run
-------------------------------------------  -----  ---------  --------  ----------  --------------  -------------------
/opt/airflow/dags/exchange_rate_pipeline.py                           1           0  0.21s           2024-05-03T07:05:58
================================================================================
[2024-05-03T07:06:33.703+0000] {manager.py:737} INFO - Searching for files in /opt/airflow/dags
[2024-05-03T07:06:33.714+0000] {manager.py:740} INFO - There are 1 files in /opt/airflow/dags
[2024-05-03T07:06:38.554+0000] {manager.py:878} INFO - 
================================================================================
DAG File Processing Stats

File Path                                    PID    Runtime      # DAGs    # Errors  Last Runtime    Last Run
-------------------------------------------  -----  ---------  --------  ----------  --------------  -------------------
/opt/airflow/dags/exchange_rate_pipeline.py                           1           0  0.22s           2024-05-03T07:06:28
================================================================================
[2024-05-03T07:07:09.117+0000] {manager.py:878} INFO - 
================================================================================
DAG File Processing Stats

File Path                                    PID    Runtime      # DAGs    # Errors  Last Runtime    Last Run
-------------------------------------------  -----  ---------  --------  ----------  --------------  -------------------
/opt/airflow/dags/exchange_rate_pipeline.py                           1           0  0.33s           2024-05-03T07:06:59
================================================================================
[2024-05-03T07:10:55.245+0000] {manager.py:878} INFO - 
================================================================================
DAG File Processing Stats

File Path                                    PID    Runtime      # DAGs    # Errors  Last Runtime    Last Run
-------------------------------------------  -----  ---------  --------  ----------  --------------  -------------------
/opt/airflow/dags/exchange_rate_pipeline.py                           1           0  0.72s           2024-05-03T07:10:40
================================================================================
[2024-05-03T07:11:25.503+0000] {manager.py:878} INFO - 
================================================================================
DAG File Processing Stats

File Path                                    PID    Runtime      # DAGs    # Errors  Last Runtime    Last Run
-------------------------------------------  -----  ---------  --------  ----------  --------------  -------------------
/opt/airflow/dags/exchange_rate_pipeline.py                           1           0  0.23s           2024-05-03T07:11:11
================================================================================
[2024-05-03T07:11:33.904+0000] {manager.py:737} INFO - Searching for files in /opt/airflow/dags
[2024-05-03T07:11:33.923+0000] {manager.py:740} INFO - There are 1 files in /opt/airflow/dags
[2024-05-03T07:40:10.824+0000] {manager.py:737} INFO - Searching for files in /opt/airflow/dags
[2024-05-03T07:40:10.854+0000] {manager.py:740} INFO - There are 1 files in /opt/airflow/dags
[2024-05-03T07:40:27.141+0000] {manager.py:878} INFO - 
================================================================================
DAG File Processing Stats

File Path                                    PID    Runtime      # DAGs    # Errors  Last Runtime    Last Run
-------------------------------------------  -----  ---------  --------  ----------  --------------  -------------------
/opt/airflow/dags/exchange_rate_pipeline.py                           1           0  0.62s           2024-05-03T07:40:11
================================================================================
[2024-05-03T07:40:57.295+0000] {manager.py:878} INFO - 
================================================================================
DAG File Processing Stats

File Path                                    PID    Runtime      # DAGs    # Errors  Last Runtime    Last Run
-------------------------------------------  -----  ---------  --------  ----------  --------------  -------------------
/opt/airflow/dags/exchange_rate_pipeline.py                           1           0  0.34s           2024-05-03T07:40:42
================================================================================
[2024-05-03T07:41:27.853+0000] {manager.py:878} INFO - 
================================================================================
DAG File Processing Stats

File Path                                    PID    Runtime      # DAGs    # Errors  Last Runtime    Last Run
-------------------------------------------  -----  ---------  --------  ----------  --------------  -------------------
/opt/airflow/dags/exchange_rate_pipeline.py                           1           0  0.33s           2024-05-03T07:41:13
================================================================================
[2024-05-03T07:41:58.090+0000] {manager.py:878} INFO - 
================================================================================
DAG File Processing Stats

File Path                                    PID    Runtime      # DAGs    # Errors  Last Runtime    Last Run
-------------------------------------------  -----  ---------  --------  ----------  --------------  -------------------
/opt/airflow/dags/exchange_rate_pipeline.py                           1           0  0.21s           2024-05-03T07:41:44
================================================================================
[2024-05-03T07:42:28.344+0000] {manager.py:878} INFO - 
================================================================================
DAG File Processing Stats

File Path                                    PID    Runtime      # DAGs    # Errors  Last Runtime    Last Run
-------------------------------------------  -----  ---------  --------  ----------  --------------  -------------------
/opt/airflow/dags/exchange_rate_pipeline.py                           1           0  0.35s           2024-05-03T07:42:14
================================================================================
[2024-05-03T07:42:58.372+0000] {manager.py:878} INFO - 
================================================================================
DAG File Processing Stats

File Path                                    PID    Runtime      # DAGs    # Errors  Last Runtime    Last Run
-------------------------------------------  -----  ---------  --------  ----------  --------------  -------------------
/opt/airflow/dags/exchange_rate_pipeline.py                           1           0  0.21s           2024-05-03T07:42:45
================================================================================
[2024-05-03T07:43:28.858+0000] {manager.py:878} INFO - 
================================================================================
DAG File Processing Stats

File Path                                    PID    Runtime      # DAGs    # Errors  Last Runtime    Last Run
-------------------------------------------  -----  ---------  --------  ----------  --------------  -------------------
/opt/airflow/dags/exchange_rate_pipeline.py                           1           0  0.44s           2024-05-03T07:43:16
================================================================================
[2024-05-03T07:43:59.125+0000] {manager.py:878} INFO - 
================================================================================
DAG File Processing Stats

File Path                                    PID    Runtime      # DAGs    # Errors  Last Runtime    Last Run
-------------------------------------------  -----  ---------  --------  ----------  --------------  -------------------
/opt/airflow/dags/exchange_rate_pipeline.py                           1           0  0.37s           2024-05-03T07:43:47
================================================================================
[2024-05-03T07:53:35.601+0000] {manager.py:737} INFO - Searching for files in /opt/airflow/dags
[2024-05-03T07:53:35.982+0000] {manager.py:740} INFO - There are 1 files in /opt/airflow/dags
[2024-05-03T07:53:53.045+0000] {manager.py:878} INFO - 
================================================================================
DAG File Processing Stats

File Path                                    PID    Runtime      # DAGs    # Errors  Last Runtime    Last Run
-------------------------------------------  -----  ---------  --------  ----------  --------------  -------------------
/opt/airflow/dags/exchange_rate_pipeline.py                           1           0  0.51s           2024-05-03T07:53:36
================================================================================
[2024-05-03T07:54:23.323+0000] {manager.py:878} INFO - 
================================================================================
DAG File Processing Stats

File Path                                    PID    Runtime      # DAGs    # Errors  Last Runtime    Last Run
-------------------------------------------  -----  ---------  --------  ----------  --------------  -------------------
/opt/airflow/dags/exchange_rate_pipeline.py                           1           0  0.36s           2024-05-03T07:54:07
================================================================================
[2024-05-03T07:54:53.943+0000] {manager.py:878} INFO - 
================================================================================
DAG File Processing Stats

File Path                                    PID    Runtime      # DAGs    # Errors  Last Runtime    Last Run
-------------------------------------------  -----  ---------  --------  ----------  --------------  -------------------
/opt/airflow/dags/exchange_rate_pipeline.py                           1           0  0.33s           2024-05-03T07:54:38
================================================================================
[2024-05-03T07:55:23.976+0000] {manager.py:878} INFO - 
================================================================================
DAG File Processing Stats

File Path                                    PID    Runtime      # DAGs    # Errors  Last Runtime    Last Run
-------------------------------------------  -----  ---------  --------  ----------  --------------  -------------------
/opt/airflow/dags/exchange_rate_pipeline.py                           1           0  0.31s           2024-05-03T07:55:08
================================================================================
[2024-05-03T07:55:54.400+0000] {manager.py:878} INFO - 
================================================================================
DAG File Processing Stats

File Path                                    PID    Runtime      # DAGs    # Errors  Last Runtime    Last Run
-------------------------------------------  -----  ---------  --------  ----------  --------------  -------------------
/opt/airflow/dags/exchange_rate_pipeline.py                           1           0  0.34s           2024-05-03T07:55:39
================================================================================
[2024-05-03T07:56:24.609+0000] {manager.py:878} INFO - 
================================================================================
DAG File Processing Stats

File Path                                    PID    Runtime      # DAGs    # Errors  Last Runtime    Last Run
-------------------------------------------  -----  ---------  --------  ----------  --------------  -------------------
/opt/airflow/dags/exchange_rate_pipeline.py                           1           0  0.51s           2024-05-03T07:56:10
================================================================================
[2024-05-03T07:56:54.850+0000] {manager.py:878} INFO - 
================================================================================
DAG File Processing Stats

File Path                                    PID    Runtime      # DAGs    # Errors  Last Runtime    Last Run
-------------------------------------------  -----  ---------  --------  ----------  --------------  -------------------
/opt/airflow/dags/exchange_rate_pipeline.py                           1           0  0.46s           2024-05-03T07:56:41
================================================================================
[2024-05-03T07:57:25.063+0000] {manager.py:878} INFO - 
================================================================================
DAG File Processing Stats

File Path                                    PID    Runtime      # DAGs    # Errors  Last Runtime    Last Run
-------------------------------------------  -----  ---------  --------  ----------  --------------  -------------------
/opt/airflow/dags/exchange_rate_pipeline.py                           1           0  0.33s           2024-05-03T07:57:12
================================================================================
[2024-05-03T07:57:55.356+0000] {manager.py:878} INFO - 
================================================================================
DAG File Processing Stats

File Path                                    PID    Runtime      # DAGs    # Errors  Last Runtime    Last Run
-------------------------------------------  -----  ---------  --------  ----------  --------------  -------------------
/opt/airflow/dags/exchange_rate_pipeline.py                           1           0  0.50s           2024-05-03T07:57:44
================================================================================
[2024-05-03T07:58:25.698+0000] {manager.py:878} INFO - 
================================================================================
DAG File Processing Stats

File Path                                    PID    Runtime      # DAGs    # Errors  Last Runtime    Last Run
-------------------------------------------  -----  ---------  --------  ----------  --------------  -------------------
/opt/airflow/dags/exchange_rate_pipeline.py                           1           0  0.37s           2024-05-03T07:58:14
================================================================================
[2024-05-03T07:58:36.015+0000] {manager.py:737} INFO - Searching for files in /opt/airflow/dags
[2024-05-03T07:58:36.050+0000] {manager.py:740} INFO - There are 1 files in /opt/airflow/dags
[2024-05-03T07:58:56.180+0000] {manager.py:878} INFO - 
================================================================================
DAG File Processing Stats

File Path                                    PID    Runtime      # DAGs    # Errors  Last Runtime    Last Run
-------------------------------------------  -----  ---------  --------  ----------  --------------  -------------------
/opt/airflow/dags/exchange_rate_pipeline.py                           1           0  0.37s           2024-05-03T07:58:45
================================================================================
[2024-05-03T07:59:26.655+0000] {manager.py:878} INFO - 
================================================================================
DAG File Processing Stats

File Path                                    PID    Runtime      # DAGs    # Errors  Last Runtime    Last Run
-------------------------------------------  -----  ---------  --------  ----------  --------------  -------------------
/opt/airflow/dags/exchange_rate_pipeline.py                           1           0  0.56s           2024-05-03T07:59:15
================================================================================
[2024-05-03T07:59:56.826+0000] {manager.py:878} INFO - 
================================================================================
DAG File Processing Stats

File Path                                    PID    Runtime      # DAGs    # Errors  Last Runtime    Last Run
-------------------------------------------  -----  ---------  --------  ----------  --------------  -------------------
/opt/airflow/dags/exchange_rate_pipeline.py                           1           0  0.36s           2024-05-03T07:59:46
================================================================================
[2024-05-03T08:00:27.199+0000] {manager.py:878} INFO - 
================================================================================
DAG File Processing Stats

File Path                                    PID    Runtime      # DAGs    # Errors  Last Runtime    Last Run
-------------------------------------------  -----  ---------  --------  ----------  --------------  -------------------
/opt/airflow/dags/exchange_rate_pipeline.py                           1           0  0.36s           2024-05-03T08:00:17
================================================================================
[2024-05-03T08:02:59.317+0000] {manager.py:878} INFO - 
================================================================================
DAG File Processing Stats

File Path                                    PID    Runtime      # DAGs    # Errors  Last Runtime    Last Run
-------------------------------------------  -----  ---------  --------  ----------  --------------  -------------------
/opt/airflow/dags/exchange_rate_pipeline.py                           1           0  0.32s           2024-05-03T08:02:36
================================================================================
[2024-05-03T08:03:30.081+0000] {manager.py:878} INFO - 
================================================================================
DAG File Processing Stats

File Path                                    PID    Runtime      # DAGs    # Errors  Last Runtime    Last Run
-------------------------------------------  -----  ---------  --------  ----------  --------------  -------------------
/opt/airflow/dags/exchange_rate_pipeline.py                           1           0  0.33s           2024-05-03T08:03:06
================================================================================
[2024-05-03T08:03:36.304+0000] {manager.py:737} INFO - Searching for files in /opt/airflow/dags
[2024-05-03T08:03:36.313+0000] {manager.py:740} INFO - There are 1 files in /opt/airflow/dags
[2024-05-03T08:04:00.510+0000] {manager.py:878} INFO - 
================================================================================
DAG File Processing Stats

File Path                                    PID    Runtime      # DAGs    # Errors  Last Runtime    Last Run
-------------------------------------------  -----  ---------  --------  ----------  --------------  -------------------
/opt/airflow/dags/exchange_rate_pipeline.py                           1           0  0.21s           2024-05-03T08:03:37
================================================================================
[2024-05-03T08:04:30.802+0000] {manager.py:878} INFO - 
================================================================================
DAG File Processing Stats

File Path                                    PID    Runtime      # DAGs    # Errors  Last Runtime    Last Run
-------------------------------------------  -----  ---------  --------  ----------  --------------  -------------------
/opt/airflow/dags/exchange_rate_pipeline.py                           1           0  0.22s           2024-05-03T08:04:08
================================================================================
[2024-05-03T08:05:01.041+0000] {manager.py:878} INFO - 
================================================================================
DAG File Processing Stats

File Path                                    PID    Runtime      # DAGs    # Errors  Last Runtime    Last Run
-------------------------------------------  -----  ---------  --------  ----------  --------------  -------------------
/opt/airflow/dags/exchange_rate_pipeline.py                           1           0  0.21s           2024-05-03T08:04:39
================================================================================
[2024-05-03T08:05:31.133+0000] {manager.py:878} INFO - 
================================================================================
DAG File Processing Stats

File Path                                    PID    Runtime      # DAGs    # Errors  Last Runtime    Last Run
-------------------------------------------  -----  ---------  --------  ----------  --------------  -------------------
/opt/airflow/dags/exchange_rate_pipeline.py                           1           0  0.21s           2024-05-03T08:05:09
================================================================================
[2024-05-03T08:06:01.490+0000] {manager.py:878} INFO - 
================================================================================
DAG File Processing Stats

File Path                                    PID    Runtime      # DAGs    # Errors  Last Runtime    Last Run
-------------------------------------------  -----  ---------  --------  ----------  --------------  -------------------
/opt/airflow/dags/exchange_rate_pipeline.py                           1           0  0.21s           2024-05-03T08:05:40
================================================================================
[2024-05-03T08:06:31.498+0000] {manager.py:878} INFO - 
================================================================================
DAG File Processing Stats

File Path                                    PID    Runtime      # DAGs    # Errors  Last Runtime    Last Run
-------------------------------------------  -----  ---------  --------  ----------  --------------  -------------------
/opt/airflow/dags/exchange_rate_pipeline.py                           1           0  0.34s           2024-05-03T08:06:11
================================================================================
[2024-05-03T08:07:02.025+0000] {manager.py:878} INFO - 
================================================================================
DAG File Processing Stats

File Path                                    PID    Runtime      # DAGs    # Errors  Last Runtime    Last Run
-------------------------------------------  -----  ---------  --------  ----------  --------------  -------------------
/opt/airflow/dags/exchange_rate_pipeline.py                           1           0  0.21s           2024-05-03T08:06:41
================================================================================
[2024-05-03T08:07:32.470+0000] {manager.py:878} INFO - 
================================================================================
DAG File Processing Stats

File Path                                    PID    Runtime      # DAGs    # Errors  Last Runtime    Last Run
-------------------------------------------  -----  ---------  --------  ----------  --------------  -------------------
/opt/airflow/dags/exchange_rate_pipeline.py                           1           0  0.21s           2024-05-03T08:07:12
================================================================================
[2024-05-03T08:08:02.713+0000] {manager.py:878} INFO - 
================================================================================
DAG File Processing Stats

File Path                                    PID    Runtime      # DAGs    # Errors  Last Runtime    Last Run
-------------------------------------------  -----  ---------  --------  ----------  --------------  -------------------
/opt/airflow/dags/exchange_rate_pipeline.py                           1           0  0.22s           2024-05-03T08:07:42
================================================================================
[2024-05-03T08:08:33.380+0000] {manager.py:878} INFO - 
================================================================================
DAG File Processing Stats

File Path                                    PID    Runtime      # DAGs    # Errors  Last Runtime    Last Run
-------------------------------------------  -----  ---------  --------  ----------  --------------  -------------------
/opt/airflow/dags/exchange_rate_pipeline.py                           1           0  0.21s           2024-05-03T08:08:13
================================================================================
[2024-05-03T08:08:36.533+0000] {manager.py:737} INFO - Searching for files in /opt/airflow/dags
[2024-05-03T08:08:36.543+0000] {manager.py:740} INFO - There are 1 files in /opt/airflow/dags
[2024-05-03T08:09:03.385+0000] {manager.py:878} INFO - 
================================================================================
DAG File Processing Stats

File Path                                    PID    Runtime      # DAGs    # Errors  Last Runtime    Last Run
-------------------------------------------  -----  ---------  --------  ----------  --------------  -------------------
/opt/airflow/dags/exchange_rate_pipeline.py                           1           0  0.21s           2024-05-03T08:08:43
================================================================================
[2024-05-03T08:09:34.070+0000] {manager.py:878} INFO - 
================================================================================
DAG File Processing Stats

File Path                                    PID    Runtime      # DAGs    # Errors  Last Runtime    Last Run
-------------------------------------------  -----  ---------  --------  ----------  --------------  -------------------
/opt/airflow/dags/exchange_rate_pipeline.py                           1           0  0.21s           2024-05-03T08:09:14
================================================================================
[2024-05-03T08:10:04.691+0000] {manager.py:878} INFO - 
================================================================================
DAG File Processing Stats

File Path                                    PID    Runtime      # DAGs    # Errors  Last Runtime    Last Run
-------------------------------------------  -----  ---------  --------  ----------  --------------  -------------------
/opt/airflow/dags/exchange_rate_pipeline.py                           1           0  0.32s           2024-05-03T08:09:44
================================================================================
[2024-05-03T08:10:35.291+0000] {manager.py:878} INFO - 
================================================================================
DAG File Processing Stats

File Path                                    PID    Runtime      # DAGs    # Errors  Last Runtime    Last Run
-------------------------------------------  -----  ---------  --------  ----------  --------------  -------------------
/opt/airflow/dags/exchange_rate_pipeline.py                           1           0  0.21s           2024-05-03T08:10:15
================================================================================
[2024-05-03T08:11:05.732+0000] {manager.py:878} INFO - 
================================================================================
DAG File Processing Stats

File Path                                    PID    Runtime      # DAGs    # Errors  Last Runtime    Last Run
-------------------------------------------  -----  ---------  --------  ----------  --------------  -------------------
/opt/airflow/dags/exchange_rate_pipeline.py                           1           0  0.21s           2024-05-03T08:10:45
================================================================================
[2024-05-03T08:11:35.799+0000] {manager.py:878} INFO - 
================================================================================
DAG File Processing Stats

File Path                                    PID    Runtime      # DAGs    # Errors  Last Runtime    Last Run
-------------------------------------------  -----  ---------  --------  ----------  --------------  -------------------
/opt/airflow/dags/exchange_rate_pipeline.py                           1           0  0.22s           2024-05-03T08:11:16
================================================================================
[2024-05-03T08:12:05.965+0000] {manager.py:878} INFO - 
================================================================================
DAG File Processing Stats

File Path                                    PID    Runtime      # DAGs    # Errors  Last Runtime    Last Run
-------------------------------------------  -----  ---------  --------  ----------  --------------  -------------------
/opt/airflow/dags/exchange_rate_pipeline.py                           1           0  0.22s           2024-05-03T08:11:46
================================================================================
[2024-05-03T08:12:36.754+0000] {manager.py:878} INFO - 
================================================================================
DAG File Processing Stats

File Path                                    PID    Runtime      # DAGs    # Errors  Last Runtime    Last Run
-------------------------------------------  -----  ---------  --------  ----------  --------------  -------------------
/opt/airflow/dags/exchange_rate_pipeline.py                           1           0  0.21s           2024-05-03T08:12:16
================================================================================
[2024-05-03T08:13:06.910+0000] {manager.py:878} INFO - 
================================================================================
DAG File Processing Stats

File Path                                    PID    Runtime      # DAGs    # Errors  Last Runtime    Last Run
-------------------------------------------  -----  ---------  --------  ----------  --------------  -------------------
/opt/airflow/dags/exchange_rate_pipeline.py                           1           0  0.21s           2024-05-03T08:12:47
================================================================================
[2024-05-03T08:13:37.468+0000] {manager.py:737} INFO - Searching for files in /opt/airflow/dags
[2024-05-03T08:13:37.491+0000] {manager.py:740} INFO - There are 1 files in /opt/airflow/dags
[2024-05-03T08:13:37.534+0000] {manager.py:878} INFO - 
================================================================================
DAG File Processing Stats

File Path                                    PID    Runtime      # DAGs    # Errors  Last Runtime    Last Run
-------------------------------------------  -----  ---------  --------  ----------  --------------  -------------------
/opt/airflow/dags/exchange_rate_pipeline.py                           1           0  0.36s           2024-05-03T08:13:17
================================================================================
[2024-05-03T08:14:07.704+0000] {manager.py:878} INFO - 
================================================================================
DAG File Processing Stats

File Path                                    PID    Runtime      # DAGs    # Errors  Last Runtime    Last Run
-------------------------------------------  -----  ---------  --------  ----------  --------------  -------------------
/opt/airflow/dags/exchange_rate_pipeline.py                           1           0  0.22s           2024-05-03T08:13:48
================================================================================
[2024-05-03T08:14:37.879+0000] {manager.py:878} INFO - 
================================================================================
DAG File Processing Stats

File Path                                    PID    Runtime      # DAGs    # Errors  Last Runtime    Last Run
-------------------------------------------  -----  ---------  --------  ----------  --------------  -------------------
/opt/airflow/dags/exchange_rate_pipeline.py                           1           0  0.35s           2024-05-03T08:14:18
================================================================================
[2024-05-03T08:15:08.054+0000] {manager.py:878} INFO - 
================================================================================
DAG File Processing Stats

File Path                                    PID    Runtime      # DAGs    # Errors  Last Runtime    Last Run
-------------------------------------------  -----  ---------  --------  ----------  --------------  -------------------
/opt/airflow/dags/exchange_rate_pipeline.py                           1           0  0.21s           2024-05-03T08:14:49
================================================================================
[2024-05-03T08:15:38.221+0000] {manager.py:878} INFO - 
================================================================================
DAG File Processing Stats

File Path                                    PID    Runtime      # DAGs    # Errors  Last Runtime    Last Run
-------------------------------------------  -----  ---------  --------  ----------  --------------  -------------------
/opt/airflow/dags/exchange_rate_pipeline.py                           1           0  0.22s           2024-05-03T08:15:19
================================================================================
[2024-05-03T08:16:08.409+0000] {manager.py:878} INFO - 
================================================================================
DAG File Processing Stats

File Path                                    PID    Runtime      # DAGs    # Errors  Last Runtime    Last Run
-------------------------------------------  -----  ---------  --------  ----------  --------------  -------------------
/opt/airflow/dags/exchange_rate_pipeline.py                           1           0  0.21s           2024-05-03T08:15:50
================================================================================
[2024-05-03T08:16:38.634+0000] {manager.py:878} INFO - 
================================================================================
DAG File Processing Stats

File Path                                    PID    Runtime      # DAGs    # Errors  Last Runtime    Last Run
-------------------------------------------  -----  ---------  --------  ----------  --------------  -------------------
/opt/airflow/dags/exchange_rate_pipeline.py                           1           0  0.22s           2024-05-03T08:16:20
================================================================================
[2024-05-03T08:17:08.829+0000] {manager.py:878} INFO - 
================================================================================
DAG File Processing Stats

File Path                                    PID    Runtime      # DAGs    # Errors  Last Runtime    Last Run
-------------------------------------------  -----  ---------  --------  ----------  --------------  -------------------
/opt/airflow/dags/exchange_rate_pipeline.py                           1           0  0.21s           2024-05-03T08:16:51
================================================================================
[2024-05-03T08:17:38.953+0000] {manager.py:878} INFO - 
================================================================================
DAG File Processing Stats

File Path                                    PID    Runtime      # DAGs    # Errors  Last Runtime    Last Run
-------------------------------------------  -----  ---------  --------  ----------  --------------  -------------------
/opt/airflow/dags/exchange_rate_pipeline.py                           1           0  0.22s           2024-05-03T08:17:21
================================================================================
[2024-05-03T08:18:09.101+0000] {manager.py:878} INFO - 
================================================================================
DAG File Processing Stats

File Path                                    PID    Runtime      # DAGs    # Errors  Last Runtime    Last Run
-------------------------------------------  -----  ---------  --------  ----------  --------------  -------------------
/opt/airflow/dags/exchange_rate_pipeline.py                           1           0  0.21s           2024-05-03T08:17:52
================================================================================
[2024-05-03T08:18:38.247+0000] {manager.py:737} INFO - Searching for files in /opt/airflow/dags
[2024-05-03T08:18:38.257+0000] {manager.py:740} INFO - There are 1 files in /opt/airflow/dags
[2024-05-03T08:18:39.270+0000] {manager.py:878} INFO - 
================================================================================
DAG File Processing Stats

File Path                                    PID    Runtime      # DAGs    # Errors  Last Runtime    Last Run
-------------------------------------------  -----  ---------  --------  ----------  --------------  -------------------
/opt/airflow/dags/exchange_rate_pipeline.py                           1           0  0.22s           2024-05-03T08:18:22
================================================================================
[2024-05-03T08:19:09.465+0000] {manager.py:878} INFO - 
================================================================================
DAG File Processing Stats

File Path                                    PID    Runtime      # DAGs    # Errors  Last Runtime    Last Run
-------------------------------------------  -----  ---------  --------  ----------  --------------  -------------------
/opt/airflow/dags/exchange_rate_pipeline.py                           1           0  0.32s           2024-05-03T08:18:53
================================================================================
[2024-05-03T08:19:39.627+0000] {manager.py:878} INFO - 
================================================================================
DAG File Processing Stats

File Path                                    PID    Runtime      # DAGs    # Errors  Last Runtime    Last Run
-------------------------------------------  -----  ---------  --------  ----------  --------------  -------------------
/opt/airflow/dags/exchange_rate_pipeline.py                           1           0  0.22s           2024-05-03T08:19:23
================================================================================
[2024-05-03T08:20:09.809+0000] {manager.py:878} INFO - 
================================================================================
DAG File Processing Stats

File Path                                    PID    Runtime      # DAGs    # Errors  Last Runtime    Last Run
-------------------------------------------  -----  ---------  --------  ----------  --------------  -------------------
/opt/airflow/dags/exchange_rate_pipeline.py                           1           0  0.21s           2024-05-03T08:19:54
================================================================================
[2024-05-03T08:20:39.989+0000] {manager.py:878} INFO - 
================================================================================
DAG File Processing Stats

File Path                                    PID    Runtime      # DAGs    # Errors  Last Runtime    Last Run
-------------------------------------------  -----  ---------  --------  ----------  --------------  -------------------
/opt/airflow/dags/exchange_rate_pipeline.py                           1           0  0.22s           2024-05-03T08:20:24
================================================================================
[2024-05-03T08:21:10.315+0000] {manager.py:878} INFO - 
================================================================================
DAG File Processing Stats

File Path                                    PID    Runtime      # DAGs    # Errors  Last Runtime    Last Run
-------------------------------------------  -----  ---------  --------  ----------  --------------  -------------------
/opt/airflow/dags/exchange_rate_pipeline.py                           1           0  0.22s           2024-05-03T08:20:55
================================================================================
[2024-05-03T08:21:40.877+0000] {manager.py:878} INFO - 
================================================================================
DAG File Processing Stats

File Path                                    PID    Runtime      # DAGs    # Errors  Last Runtime    Last Run
-------------------------------------------  -----  ---------  --------  ----------  --------------  -------------------
/opt/airflow/dags/exchange_rate_pipeline.py                           1           0  0.34s           2024-05-03T08:21:25
================================================================================
[2024-05-03T08:22:11.251+0000] {manager.py:878} INFO - 
================================================================================
DAG File Processing Stats

File Path                                    PID    Runtime      # DAGs    # Errors  Last Runtime    Last Run
-------------------------------------------  -----  ---------  --------  ----------  --------------  -------------------
/opt/airflow/dags/exchange_rate_pipeline.py                           1           0  0.21s           2024-05-03T08:21:56
================================================================================
[2024-05-03T08:22:41.623+0000] {manager.py:878} INFO - 
================================================================================
DAG File Processing Stats

File Path                                    PID    Runtime      # DAGs    # Errors  Last Runtime    Last Run
-------------------------------------------  -----  ---------  --------  ----------  --------------  -------------------
/opt/airflow/dags/exchange_rate_pipeline.py                           1           0  0.21s           2024-05-03T08:22:26
================================================================================
[2024-05-03T08:23:12.077+0000] {manager.py:878} INFO - 
================================================================================
DAG File Processing Stats

File Path                                    PID    Runtime      # DAGs    # Errors  Last Runtime    Last Run
-------------------------------------------  -----  ---------  --------  ----------  --------------  -------------------
/opt/airflow/dags/exchange_rate_pipeline.py                           1           0  0.21s           2024-05-03T08:22:56
================================================================================
[2024-05-03T08:23:38.861+0000] {manager.py:737} INFO - Searching for files in /opt/airflow/dags
[2024-05-03T08:23:38.877+0000] {manager.py:740} INFO - There are 1 files in /opt/airflow/dags
[2024-05-03T08:23:42.214+0000] {manager.py:878} INFO - 
================================================================================
DAG File Processing Stats

File Path                                    PID    Runtime      # DAGs    # Errors  Last Runtime    Last Run
-------------------------------------------  -----  ---------  --------  ----------  --------------  -------------------
/opt/airflow/dags/exchange_rate_pipeline.py                           1           0  0.45s           2024-05-03T08:23:27
================================================================================
[2024-05-03T08:24:16.251+0000] {manager.py:470} INFO - Processing files using up to 1 processes at a time 
[2024-05-03T08:24:16.252+0000] {manager.py:471} INFO - Process each file at most once every 30 seconds
[2024-05-03T08:24:16.254+0000] {manager.py:472} INFO - Checking for new files in /opt/airflow/dags every 300 seconds
[2024-05-03T08:24:16.256+0000] {manager.py:737} INFO - Searching for files in /opt/airflow/dags
[2024-05-03T08:24:16.268+0000] {manager.py:740} INFO - There are 1 files in /opt/airflow/dags
[2024-05-03T08:24:16.835+0000] {manager.py:878} INFO - 
================================================================================
DAG File Processing Stats

File Path                                    PID    Runtime      # DAGs    # Errors  Last Runtime    Last Run
-------------------------------------------  -----  ---------  --------  ----------  --------------  -------------------
/opt/airflow/dags/exchange_rate_pipeline.py                           1           0  0.41s           2024-05-03T08:24:16
================================================================================
[2024-05-03T08:24:48.468+0000] {manager.py:878} INFO - 
================================================================================
DAG File Processing Stats

File Path                                    PID    Runtime      # DAGs    # Errors  Last Runtime    Last Run
-------------------------------------------  -----  ---------  --------  ----------  --------------  -------------------
/opt/airflow/dags/exchange_rate_pipeline.py                           1           0  0.66s           2024-05-03T08:24:48
================================================================================
[2024-05-03T08:25:18.853+0000] {manager.py:878} INFO - 
================================================================================
DAG File Processing Stats

File Path                                    PID    Runtime      # DAGs    # Errors  Last Runtime    Last Run
-------------------------------------------  -----  ---------  --------  ----------  --------------  -------------------
/opt/airflow/dags/exchange_rate_pipeline.py                           1           0  0.31s           2024-05-03T08:25:18
================================================================================
[2024-05-03T08:25:49.451+0000] {manager.py:878} INFO - 
================================================================================
DAG File Processing Stats

File Path                                    PID    Runtime      # DAGs    # Errors  Last Runtime    Last Run
-------------------------------------------  -----  ---------  --------  ----------  --------------  -------------------
/opt/airflow/dags/exchange_rate_pipeline.py                           1           0  0.22s           2024-05-03T08:25:49
================================================================================
[2024-05-03T08:26:20.163+0000] {manager.py:878} INFO - 
================================================================================
DAG File Processing Stats

File Path                                    PID    Runtime      # DAGs    # Errors  Last Runtime    Last Run
-------------------------------------------  -----  ---------  --------  ----------  --------------  -------------------
/opt/airflow/dags/exchange_rate_pipeline.py                           1           0  0.21s           2024-05-03T08:26:20
================================================================================
[2024-05-03T08:26:51.227+0000] {manager.py:878} INFO - 
================================================================================
DAG File Processing Stats

File Path                                    PID    Runtime      # DAGs    # Errors  Last Runtime    Last Run
-------------------------------------------  -----  ---------  --------  ----------  --------------  -------------------
/opt/airflow/dags/exchange_rate_pipeline.py                           1           0  0.50s           2024-05-03T08:26:51
================================================================================
[2024-05-03T08:27:21.853+0000] {manager.py:878} INFO - 
================================================================================
DAG File Processing Stats

File Path                                    PID    Runtime      # DAGs    # Errors  Last Runtime    Last Run
-------------------------------------------  -----  ---------  --------  ----------  --------------  -------------------
/opt/airflow/dags/exchange_rate_pipeline.py                           1           0  0.36s           2024-05-03T08:27:21
================================================================================
[2024-05-03T08:27:52.661+0000] {manager.py:878} INFO - 
================================================================================
DAG File Processing Stats

File Path                                    PID    Runtime      # DAGs    # Errors  Last Runtime    Last Run
-------------------------------------------  -----  ---------  --------  ----------  --------------  -------------------
/opt/airflow/dags/exchange_rate_pipeline.py                           1           0  0.33s           2024-05-03T08:27:52
================================================================================
[2024-05-03T08:28:23.614+0000] {manager.py:878} INFO - 
================================================================================
DAG File Processing Stats

File Path                                    PID    Runtime      # DAGs    # Errors  Last Runtime    Last Run
-------------------------------------------  -----  ---------  --------  ----------  --------------  -------------------
/opt/airflow/dags/exchange_rate_pipeline.py                           1           0  0.33s           2024-05-03T08:28:23
================================================================================
[2024-05-03T08:28:55.156+0000] {manager.py:878} INFO - 
================================================================================
DAG File Processing Stats

File Path                                    PID    Runtime      # DAGs    # Errors  Last Runtime    Last Run
-------------------------------------------  -----  ---------  --------  ----------  --------------  -------------------
/opt/airflow/dags/exchange_rate_pipeline.py                           1           0  0.43s           2024-05-03T08:28:55
================================================================================
[2024-05-03T08:29:16.314+0000] {manager.py:737} INFO - Searching for files in /opt/airflow/dags
[2024-05-03T08:29:16.328+0000] {manager.py:740} INFO - There are 1 files in /opt/airflow/dags
[2024-05-03T08:29:25.820+0000] {manager.py:878} INFO - 
================================================================================
DAG File Processing Stats

File Path                                    PID    Runtime      # DAGs    # Errors  Last Runtime    Last Run
-------------------------------------------  -----  ---------  --------  ----------  --------------  -------------------
/opt/airflow/dags/exchange_rate_pipeline.py                           1           0  0.36s           2024-05-03T08:29:25
================================================================================
[2024-05-03T08:29:56.770+0000] {manager.py:878} INFO - 
================================================================================
DAG File Processing Stats

File Path                                    PID    Runtime      # DAGs    # Errors  Last Runtime    Last Run
-------------------------------------------  -----  ---------  --------  ----------  --------------  -------------------
/opt/airflow/dags/exchange_rate_pipeline.py                           1           0  0.47s           2024-05-03T08:29:56
================================================================================
[2024-05-03T08:30:27.530+0000] {manager.py:878} INFO - 
================================================================================
DAG File Processing Stats

File Path                                    PID    Runtime      # DAGs    # Errors  Last Runtime    Last Run
-------------------------------------------  -----  ---------  --------  ----------  --------------  -------------------
/opt/airflow/dags/exchange_rate_pipeline.py                           1           0  0.35s           2024-05-03T08:30:27
================================================================================
