[2024-05-03T06:07:25.834+0000] {local_task_job_runner.py:120} INFO - ::group::Pre task execution logs
[2024-05-03T06:07:25.863+0000] {taskinstance.py:2073} INFO - Dependencies all met for dep_context=non-requeueable deps ti=<TaskInstance: exchange_rate_etl.download_file manual__2024-05-03T06:07:20.208728+00:00 [queued]>
[2024-05-03T06:07:25.877+0000] {taskinstance.py:2073} INFO - Dependencies all met for dep_context=requeueable deps ti=<TaskInstance: exchange_rate_etl.download_file manual__2024-05-03T06:07:20.208728+00:00 [queued]>
[2024-05-03T06:07:25.878+0000] {taskinstance.py:2303} INFO - Starting attempt 1 of 3
[2024-05-03T06:07:25.970+0000] {taskinstance.py:2327} INFO - Executing <Task(BashOperator): download_file> on 2024-05-03 06:07:20.208728+00:00
[2024-05-03T06:07:25.980+0000] {standard_task_runner.py:90} INFO - Running: ['airflow', 'tasks', 'run', 'exchange_rate_etl', 'download_file', 'manual__2024-05-03T06:07:20.208728+00:00', '--job-id', '9', '--raw', '--subdir', 'DAGS_FOLDER/exchange_rate_pipeline.py', '--cfg-path', '/tmp/tmpzozpzgzc']
[2024-05-03T06:07:25.984+0000] {logging_mixin.py:188} WARNING - /home/airflow/.local/lib/python3.12/site-packages/airflow/task/task_runner/standard_task_runner.py:61 DeprecationWarning: This process (pid=91) is multi-threaded, use of fork() may lead to deadlocks in the child.
[2024-05-03T06:07:25.984+0000] {standard_task_runner.py:91} INFO - Job 9: Subtask download_file
[2024-05-03T06:07:25.984+0000] {standard_task_runner.py:63} INFO - Started process 100 to run task
[2024-05-03T06:07:26.108+0000] {task_command.py:426} INFO - Running <TaskInstance: exchange_rate_etl.download_file manual__2024-05-03T06:07:20.208728+00:00 [running]> on host 4703841f93d9
[2024-05-03T06:07:26.250+0000] {taskinstance.py:2644} INFO - Exporting env vars: AIRFLOW_CTX_DAG_OWNER='airflow' AIRFLOW_CTX_DAG_ID='exchange_rate_etl' AIRFLOW_CTX_TASK_ID='download_file' AIRFLOW_CTX_EXECUTION_DATE='2024-05-03T06:07:20.208728+00:00' AIRFLOW_CTX_TRY_NUMBER='1' AIRFLOW_CTX_DAG_RUN_ID='manual__2024-05-03T06:07:20.208728+00:00'
[2024-05-03T06:07:26.251+0000] {taskinstance.py:430} INFO - ::endgroup::
[2024-05-03T06:07:26.282+0000] {subprocess.py:63} INFO - Tmp dir root location: /tmp
[2024-05-03T06:07:26.283+0000] {subprocess.py:75} INFO - Running command: ['/usr/bin/bash', '-c', 'curl -o xrate.csv https://data-api.ecb.europa.eu/service/data/EXR/M.USD.EUR.SP00.A?format=csvdata']
[2024-05-03T06:07:26.291+0000] {subprocess.py:86} INFO - Output:
[2024-05-03T06:07:26.306+0000] {subprocess.py:93} INFO -   % Total    % Received % Xferd  Average Speed   Time    Time     Time  Current
[2024-05-03T06:07:26.308+0000] {subprocess.py:93} INFO -                                  Dload  Upload   Total   Spent    Left  Speed
[2024-05-03T06:07:27.667+0000] {subprocess.py:93} INFO -   0     0    0     0    0     0      0      0 --:--:-- --:--:-- --:--:--     0  0     0    0     0    0     0      0      0 --:--:--  0:00:01 --:--:--     0100 53823    0 53823    0     0  39573      0 --:--:--  0:00:01 --:--:-- 39575
[2024-05-03T06:07:27.671+0000] {subprocess.py:97} INFO - Command exited with return code 0
[2024-05-03T06:07:27.673+0000] {taskinstance.py:441} INFO - ::group::Post task execution logs
[2024-05-03T06:07:27.757+0000] {taskinstance.py:1205} INFO - Marking task as SUCCESS. dag_id=exchange_rate_etl, task_id=download_file, execution_date=20240503T060720, start_date=20240503T060725, end_date=20240503T060727
[2024-05-03T06:07:27.839+0000] {local_task_job_runner.py:240} INFO - Task exited with return code 0
[2024-05-03T06:07:27.924+0000] {taskinstance.py:3482} INFO - 1 downstream tasks scheduled from follow-on schedule check
[2024-05-03T06:07:27.935+0000] {local_task_job_runner.py:222} INFO - ::endgroup::
